<?xml version="1.0" encoding="UTF-8"?>
<!-- Generated by org.testng.reporters.JUnitXMLReporter -->
<testsuite ignored="0" hostname="DESKTOP-3SF4INA" failures="1" tests="1" name="ForgotPasswordTest" time="29.04" errors="0" timestamp="2022-07-08T21:57:16 IST">
  <testcase classname="Academy.TestAutomation.ForgotPasswordTest" name="navigation" time="23.551">
    <failure type="java.lang.AssertionError" message="expected [false] but found [true]">
      <![CDATA[java.lang.AssertionError: expected [false] but found [true]
at Academy.TestAutomation.ForgotPasswordTest.navigation(ForgotPasswordTest.java:39)
at java.base/java.util.ArrayList.forEach(ArrayList.java:1511)
... Removed 31 stack frames]]>
    </failure>
  </testcase> <!-- navigation -->
</testsuite> <!-- ForgotPasswordTest -->
